.\backend\venv\Scripts\
python.exe : INFO:     
Started server process 
[20116]
At line:1 char:1
+ .\backend\venv\Script
s\python.exe -m 
uvicorn 
backend.main:app 
--port  ...
+ ~~~~~~~~~~~~~~~~~~~~~
~~~~~~~~~~~~~~~~~~~~~~~
~~~~~~~~~~~~~~~~~~~~~~~
~~
    + CategoryInfo     
         : NotSpecifi  
  ed: (INFO:     Sta   
 rted server proces    
s [20116]:String)     
[], RemoteExceptio    n
    + FullyQualifiedEr 
   rorId : NativeComm  
  andError
 
INFO:     Waiting for 
application startup.
INFO:     Application 
startup complete.
ERROR:    [Errno 
10048] error while 
attempting to bind on 
address ('127.0.0.1', 
8000): only one usage 
of each socket address 
(protocol/network 
address/port) is 
normally permitted
INFO:     Waiting for 
application shutdown.
INFO:     Application 
shutdown complete.
Warning: ML models not fully generated yet. Standby mode.
